c:\users\inged\downloads\glut_complete\glut_complete\debug\vc143.pdb
c:\users\inged\downloads\glut_complete\glut_complete\debug\vc143.idb
c:\users\inged\downloads\glut_complete\glut_complete\debug\tiempo.obj
c:\users\inged\downloads\glut_complete\glut_complete\debug\texture.obj
c:\users\inged\downloads\glut_complete\glut_complete\debug\texto.obj
c:\users\inged\downloads\glut_complete\glut_complete\debug\terreno.obj
c:\users\inged\downloads\glut_complete\glut_complete\debug\serialutil.obj
c:\users\inged\downloads\glut_complete\glut_complete\debug\serial.obj
c:\users\inged\downloads\glut_complete\glut_complete\debug\score_time.obj
c:\users\inged\downloads\glut_complete\glut_complete\debug\mouse.obj
c:\users\inged\downloads\glut_complete\glut_complete\debug\math.obj
c:\users\inged\downloads\glut_complete\glut_complete\debug\main.obj
c:\users\inged\downloads\glut_complete\glut_complete\debug\keyboard.obj
c:\users\inged\downloads\glut_complete\glut_complete\debug\menu.obj
c:\users\inged\downloads\glut_complete\glut_complete\debug\imageloader.obj
c:\users\inged\downloads\glut_complete\glut_complete\debug\fullscreen.obj
c:\users\inged\downloads\glut_complete\glut_complete\debug\dibujar.obj
c:\users\inged\downloads\glut_complete\glut_complete\debug\arduino.obj
c:\users\inged\downloads\glut_complete\glut_complete\debug\dianas.obj
c:\users\inged\downloads\glut_complete\glut_complete\debug\crear_escenario.obj
c:\users\inged\downloads\glut_complete\glut_complete\debug\camera.obj
c:\users\inged\downloads\glut_complete\glut_complete\debug\archivo.obj
c:\users\inged\downloads\glut_complete\glut_complete\debug\viewport.obj
c:\users\inged\downloads\glut_complete\glut_complete\debug\vector3f.obj
c:\users\inged\downloads\glut_complete\glut_complete\debug\vec3f.obj
c:\users\inged\downloads\glut_complete\glut_complete\debug\glut_complete.ilk
c:\users\inged\downloads\glut_complete\debug\glut_complete.exe
c:\users\inged\downloads\glut_complete\debug\glut_complete.pdb
c:\users\inged\downloads\glut_complete\glut_complete\debug\glut_complete.tlog\cl.command.1.tlog
c:\users\inged\downloads\glut_complete\glut_complete\debug\glut_complete.tlog\cl.read.1.tlog
c:\users\inged\downloads\glut_complete\glut_complete\debug\glut_complete.tlog\cl.write.1.tlog
c:\users\inged\downloads\glut_complete\glut_complete\debug\glut_complete.tlog\link.command.1.tlog
c:\users\inged\downloads\glut_complete\glut_complete\debug\glut_complete.tlog\link.read.1.tlog
c:\users\inged\downloads\glut_complete\glut_complete\debug\glut_complete.tlog\link.write.1.tlog
